<?xml version="1.0" encoding="UTF-8"?>
<!-- Generated by org.testng.reporters.JUnitXMLReporter -->
<testsuite ignored="1" hostname="LAPTOP-1VTTEFFR" failures="0" tests="10" name="Default test" time="19.915" errors="0" timestamp="2025-10-13T04:00:03 IST">
  <testcase classname="testng_extra.DemoForInvocationTest" name="case3" time="6.127"/>
  <testcase classname="testng_extra.DemoForInvocationTest" name="case3" time="6.141"/>
  <testcase classname="testng_extra.DemoForInvocationTest" name="case3" time="6.141"/>
  <testcase classname="testng_extra.DemoForInvocationTest" name="case3" time="4.41"/>
  <testcase classname="testng_extra.DemoForInvocationTest" name="case3" time="4.449"/>
  <testcase classname="testng_extra.DemoForInvocationTest" name="case3" time="4.469"/>
  <testcase classname="testng_extra.DemoForInvocationTest" name="case3" time="4.833"/>
  <testcase classname="testng_extra.DemoForInvocationTest" name="case3" time="4.906"/>
  <testcase classname="testng_extra.DemoForInvocationTest" name="case3" time="4.88"/>
  <testcase classname="testng_extra.DemoForInvocationTest" name="case3" time="4.422"/>
  <testcase classname="testng_extra.DemoForInvocationTest" name="case2" time="0.0">
    <ignored/>
  </testcase> <!-- case2 -->
</testsuite> <!-- Default test -->
