<?xml version="1.0" encoding="UTF-8"?>
<!-- Generated by org.testng.reporters.JUnitXMLReporter -->
<testsuite ignored="2" hostname="LAPTOP-1VTTEFFR" failures="0" tests="4" name="Test" time="10.878" errors="0" timestamp="2025-10-15T03:11:20 IST">
  <testcase classname="types_of_execution.Demo6" name="case601" time="3.32"/>
  <testcase classname="types_of_execution.Demo6" name="case61" time="2.338"/>
  <testcase classname="types_of_execution.Demo7" name="case701" time="2.602"/>
  <testcase classname="types_of_execution.Demo7" name="case71" time="2.526"/>
  <testcase classname="types_of_execution.Demo6" name="case6" time="0.0">
    <ignored/>
  </testcase> <!-- case6 -->
  <testcase classname="types_of_execution.Demo7" name="case7" time="0.0">
    <ignored/>
  </testcase> <!-- case7 -->
</testsuite> <!-- Test -->
