<?xml version="1.0" encoding="UTF-8"?>
<testng-results ignored="1" total="11" passed="10" failed="0" skipped="0">
  <reporter-output>
  </reporter-output>
  <suite started-at="2025-10-13T03:59:43 IST" name="Default suite" finished-at="2025-10-13T04:00:03 IST" duration-ms="19915">
    <groups>
    </groups>
    <test started-at="2025-10-13T03:59:43 IST" name="Default test" finished-at="2025-10-13T04:00:03 IST" duration-ms="19915">
      <class name="testng_extra.DemoForInvocationTest">
        <test-method signature="case3()[pri:0, instance:testng_extra.DemoForInvocationTest@59474f18]" started-at="2025-10-13T03:59:43 IST" name="case3" finished-at="2025-10-13T03:59:49 IST" duration-ms="6141" status="PASS">
          <reporter-output>
          </reporter-output>
        </test-method> <!-- case3 -->
        <test-method signature="case3()[pri:0, instance:testng_extra.DemoForInvocationTest@59474f18]" started-at="2025-10-13T03:59:43 IST" name="case3" finished-at="2025-10-13T03:59:49 IST" duration-ms="6141" status="PASS">
          <reporter-output>
          </reporter-output>
        </test-method> <!-- case3 -->
        <test-method signature="case3()[pri:0, instance:testng_extra.DemoForInvocationTest@59474f18]" started-at="2025-10-13T03:59:43 IST" name="case3" finished-at="2025-10-13T03:59:49 IST" duration-ms="6127" status="PASS">
          <reporter-output>
          </reporter-output>
        </test-method> <!-- case3 -->
        <test-method signature="case3()[pri:0, instance:testng_extra.DemoForInvocationTest@59474f18]" started-at="2025-10-13T03:59:49 IST" name="case3" finished-at="2025-10-13T03:59:54 IST" duration-ms="4449" status="PASS">
          <reporter-output>
          </reporter-output>
        </test-method> <!-- case3 -->
        <test-method signature="case3()[pri:0, instance:testng_extra.DemoForInvocationTest@59474f18]" started-at="2025-10-13T03:59:49 IST" name="case3" finished-at="2025-10-13T03:59:54 IST" duration-ms="4469" status="PASS">
          <reporter-output>
          </reporter-output>
        </test-method> <!-- case3 -->
        <test-method signature="case3()[pri:0, instance:testng_extra.DemoForInvocationTest@59474f18]" started-at="2025-10-13T03:59:49 IST" name="case3" finished-at="2025-10-13T03:59:54 IST" duration-ms="4410" status="PASS">
          <reporter-output>
          </reporter-output>
        </test-method> <!-- case3 -->
        <test-method signature="case3()[pri:0, instance:testng_extra.DemoForInvocationTest@59474f18]" started-at="2025-10-13T03:59:54 IST" name="case3" finished-at="2025-10-13T03:59:59 IST" duration-ms="4906" status="PASS">
          <reporter-output>
          </reporter-output>
        </test-method> <!-- case3 -->
        <test-method signature="case3()[pri:0, instance:testng_extra.DemoForInvocationTest@59474f18]" started-at="2025-10-13T03:59:54 IST" name="case3" finished-at="2025-10-13T03:59:59 IST" duration-ms="4880" status="PASS">
          <reporter-output>
          </reporter-output>
        </test-method> <!-- case3 -->
        <test-method signature="case3()[pri:0, instance:testng_extra.DemoForInvocationTest@59474f18]" started-at="2025-10-13T03:59:54 IST" name="case3" finished-at="2025-10-13T03:59:59 IST" duration-ms="4833" status="PASS">
          <reporter-output>
          </reporter-output>
        </test-method> <!-- case3 -->
        <test-method signature="case3()[pri:0, instance:testng_extra.DemoForInvocationTest@59474f18]" started-at="2025-10-13T03:59:59 IST" name="case3" finished-at="2025-10-13T04:00:03 IST" duration-ms="4422" status="PASS">
          <reporter-output>
          </reporter-output>
        </test-method> <!-- case3 -->
      </class> <!-- testng_extra.DemoForInvocationTest -->
    </test> <!-- Default test -->
  </suite> <!-- Default suite -->
</testng-results>
