<?xml version="1.0" encoding="UTF-8"?>
<testng-results ignored="0" total="3" passed="3" failed="0" skipped="0">
  <reporter-output>
  </reporter-output>
  <suite started-at="2025-10-14T10:08:47 IST" name="suite" finished-at="2025-10-14T10:08:59 IST" duration-ms="12065">
    <groups>
    </groups>
    <test started-at="2025-10-14T10:08:47 IST" name="testRunner2" finished-at="2025-10-14T10:08:55 IST" duration-ms="7802">
      <class name="types_of_execution.Demo4">
        <test-method signature="case4(java.lang.String)[pri:0, instance:types_of_execution.Demo4@62ddbd7e]" started-at="2025-10-14T10:08:47 IST" name="case4" finished-at="2025-10-14T10:08:55 IST" duration-ms="7692" status="PASS">
          <params>
            <param index="0">
              <value>
                <![CDATA[chrome]]>
              </value>
            </param>
          </params>
          <reporter-output>
          </reporter-output>
        </test-method> <!-- case4 -->
      </class> <!-- types_of_execution.Demo4 -->
    </test> <!-- testRunner2 -->
    <test started-at="2025-10-14T10:08:47 IST" name="testRunner1" finished-at="2025-10-14T10:08:55 IST" duration-ms="7850">
      <class name="types_of_execution.Demo3">
        <test-method signature="case4(java.lang.String)[pri:0, instance:types_of_execution.Demo3@368f2016]" started-at="2025-10-14T10:08:47 IST" name="case4" finished-at="2025-10-14T10:08:55 IST" duration-ms="7743" status="PASS">
          <params>
            <param index="0">
              <value>
                <![CDATA[edge]]>
              </value>
            </param>
          </params>
          <reporter-output>
          </reporter-output>
        </test-method> <!-- case4 -->
      </class> <!-- types_of_execution.Demo3 -->
    </test> <!-- testRunner1 -->
    <test started-at="2025-10-14T10:08:47 IST" name="testRunner3" finished-at="2025-10-14T10:08:59 IST" duration-ms="12065">
      <class name="types_of_execution.Demo5">
        <test-method signature="case5(java.lang.String)[pri:0, instance:types_of_execution.Demo5@15de0b3c]" started-at="2025-10-14T10:08:47 IST" name="case5" finished-at="2025-10-14T10:08:59 IST" duration-ms="11959" status="PASS">
          <params>
            <param index="0">
              <value>
                <![CDATA[firefox]]>
              </value>
            </param>
          </params>
          <reporter-output>
          </reporter-output>
        </test-method> <!-- case5 -->
      </class> <!-- types_of_execution.Demo5 -->
    </test> <!-- testRunner3 -->
  </suite> <!-- suite -->
</testng-results>
